<?xml version="1.0" encoding="UTF-8"?>
<coverage generated="1708017636590" clover="3.2.0">
  <project timestamp="1708017636590" name="All files">
    <metrics statements="63" coveredstatements="63" conditionals="24" coveredconditionals="18" methods="6" coveredmethods="6" elements="93" coveredelements="87" complexity="0" loc="63" ncloc="63" packages="4" files="6" classes="6"/>
    <package name="findAreas">
      <metrics statements="17" coveredstatements="17" conditionals="4" coveredconditionals="4" methods="1" coveredmethods="1"/>
      <file name="findAreas.js" path="/Users/andreyselin/project/test-tasks/find-areas/src/findAreas/findAreas.js">
        <metrics statements="17" coveredstatements="17" conditionals="4" coveredconditionals="4" methods="1" coveredmethods="1"/>
        <line num="1" count="1" type="stmt"/>
        <line num="2" count="1" type="stmt"/>
        <line num="3" count="1" type="cond" truecount="1" falsecount="0"/>
        <line num="4" count="2" type="stmt"/>
        <line num="5" count="2" type="stmt"/>
        <line num="6" count="2" type="stmt"/>
        <line num="7" count="2" type="cond" truecount="1" falsecount="0"/>
        <line num="8" count="6" type="cond" truecount="1" falsecount="0"/>
        <line num="9" count="18" type="cond" truecount="1" falsecount="0"/>
        <line num="10" count="5" type="stmt"/>
        <line num="11" count="5" type="stmt"/>
        <line num="12" count="5" type="stmt"/>
        <line num="13" count="18" type="stmt"/>
        <line num="14" count="6" type="stmt"/>
        <line num="15" count="2" type="stmt"/>
        <line num="16" count="2" type="stmt"/>
        <line num="17" count="2" type="stmt"/>
      </file>
    </package>
    <package name="getNeighbourRefs">
      <metrics statements="23" coveredstatements="23" conditionals="8" coveredconditionals="5" methods="2" coveredmethods="2"/>
      <file name="getNeighbourRefs.js" path="/Users/andreyselin/project/test-tasks/find-areas/src/getNeighbourRefs/getNeighbourRefs.js">
        <metrics statements="22" coveredstatements="22" conditionals="3" coveredconditionals="3" methods="1" coveredmethods="1"/>
        <line num="1" count="1" type="stmt"/>
        <line num="2" count="1" type="stmt"/>
        <line num="3" count="1" type="stmt"/>
        <line num="4" count="1" type="stmt"/>
        <line num="5" count="1" type="stmt"/>
        <line num="6" count="1" type="stmt"/>
        <line num="7" count="1" type="stmt"/>
        <line num="8" count="1" type="cond" truecount="1" falsecount="0"/>
        <line num="9" count="17" type="stmt"/>
        <line num="10" count="17" type="cond" truecount="1" falsecount="0"/>
        <line num="11" count="68" type="stmt"/>
        <line num="12" count="68" type="stmt"/>
        <line num="13" count="68" type="stmt"/>
        <line num="14" count="68" type="stmt"/>
        <line num="15" count="68" type="stmt"/>
        <line num="16" count="68" type="stmt"/>
        <line num="17" count="68" type="cond" truecount="1" falsecount="0"/>
        <line num="18" count="68" type="stmt"/>
        <line num="19" count="68" type="stmt"/>
        <line num="20" count="68" type="stmt"/>
        <line num="21" count="17" type="stmt"/>
        <line num="22" count="17" type="stmt"/>
      </file>
      <file name="index.js" path="/Users/andreyselin/project/test-tasks/find-areas/src/getNeighbourRefs/index.js">
        <metrics statements="1" coveredstatements="1" conditionals="5" coveredconditionals="2" methods="1" coveredmethods="1"/>
        <line num="1" count="14" type="cond" truecount="2" falsecount="3"/>
      </file>
    </package>
    <package name="markConnected">
      <metrics statements="15" coveredstatements="15" conditionals="9" coveredconditionals="6" methods="2" coveredmethods="2"/>
      <file name="index.js" path="/Users/andreyselin/project/test-tasks/find-areas/src/markConnected/index.js">
        <metrics statements="1" coveredstatements="1" conditionals="5" coveredconditionals="2" methods="1" coveredmethods="1"/>
        <line num="1" count="5" type="cond" truecount="2" falsecount="3"/>
      </file>
      <file name="markConnected.js" path="/Users/andreyselin/project/test-tasks/find-areas/src/markConnected/markConnected.js">
        <metrics statements="14" coveredstatements="14" conditionals="4" coveredconditionals="4" methods="1" coveredmethods="1"/>
        <line num="1" count="1" type="stmt"/>
        <line num="2" count="1" type="stmt"/>
        <line num="3" count="1" type="cond" truecount="1" falsecount="0"/>
        <line num="4" count="64" type="cond" truecount="2" falsecount="0"/>
        <line num="5" count="14" type="stmt"/>
        <line num="6" count="14" type="stmt"/>
        <line num="7" count="14" type="stmt"/>
        <line num="8" count="14" type="stmt"/>
        <line num="9" count="14" type="cond" truecount="1" falsecount="0"/>
        <line num="10" count="56" type="stmt"/>
        <line num="11" count="14" type="stmt"/>
        <line num="12" count="14" type="stmt"/>
        <line num="13" count="64" type="stmt"/>
        <line num="14" count="64" type="stmt"/>
      </file>
    </package>
    <package name="parseInputString">
      <metrics statements="8" coveredstatements="8" conditionals="3" coveredconditionals="3" methods="1" coveredmethods="1"/>
      <file name="parseInputString.js" path="/Users/andreyselin/project/test-tasks/find-areas/src/parseInputString/parseInputString.js">
        <metrics statements="8" coveredstatements="8" conditionals="3" coveredconditionals="3" methods="1" coveredmethods="1"/>
        <line num="1" count="1" type="cond" truecount="1" falsecount="0"/>
        <line num="2" count="2" type="stmt"/>
        <line num="3" count="2" type="stmt"/>
        <line num="4" count="2" type="cond" truecount="1" falsecount="0"/>
        <line num="5" count="3" type="stmt"/>
        <line num="6" count="3" type="cond" truecount="1" falsecount="0"/>
        <line num="7" count="2" type="stmt"/>
        <line num="8" count="2" type="stmt"/>
      </file>
    </package>
  </project>
</coverage>
