{"/Users/andreyselin/project/test-tasks/find-areas/src/findAreas/findAreas.js": {"path":"/Users/andreyselin/project/test-tasks/find-areas/src/findAreas/findAreas.js","all":false,"statementMap":{"0":{"start":{"line":1,"column":0},"end":{"line":1,"column":58}},"1":{"start":{"line":2,"column":0},"end":{"line":2,"column":0}},"2":{"start":{"line":3,"column":0},"end":{"line":3,"column":35}},"3":{"start":{"line":4,"column":0},"end":{"line":4,"column":73}},"4":{"start":{"line":5,"column":0},"end":{"line":5,"column":23}},"5":{"start":{"line":6,"column":0},"end":{"line":6,"column":0}},"6":{"start":{"line":7,"column":0},"end":{"line":7,"column":46}},"7":{"start":{"line":8,"column":0},"end":{"line":8,"column":51}},"8":{"start":{"line":9,"column":0},"end":{"line":9,"column":31}},"9":{"start":{"line":10,"column":0},"end":{"line":10,"column":63}},"10":{"start":{"line":11,"column":0},"end":{"line":11,"column":26}},"11":{"start":{"line":12,"column":0},"end":{"line":12,"column":7}},"12":{"start":{"line":13,"column":0},"end":{"line":13,"column":5}},"13":{"start":{"line":14,"column":0},"end":{"line":14,"column":3}},"14":{"start":{"line":15,"column":0},"end":{"line":15,"column":0}},"15":{"start":{"line":16,"column":0},"end":{"line":16,"column":26}},"16":{"start":{"line":17,"column":0},"end":{"line":17,"column":1}}},"s":{"0":1,"1":1,"2":1,"3":2,"4":2,"5":2,"6":2,"7":6,"8":18,"9":5,"10":5,"11":5,"12":18,"13":6,"14":2,"15":2,"16":2},"branchMap":{"0":{"type":"branch","line":3,"loc":{"start":{"line":3,"column":7},"end":{"line":17,"column":1}},"locations":[{"start":{"line":3,"column":7},"end":{"line":17,"column":1}}]},"1":{"type":"branch","line":7,"loc":{"start":{"line":7,"column":45},"end":{"line":14,"column":3}},"locations":[{"start":{"line":7,"column":45},"end":{"line":14,"column":3}}]},"2":{"type":"branch","line":8,"loc":{"start":{"line":8,"column":50},"end":{"line":13,"column":5}},"locations":[{"start":{"line":8,"column":50},"end":{"line":13,"column":5}}]},"3":{"type":"branch","line":9,"loc":{"start":{"line":9,"column":30},"end":{"line":12,"column":7}},"locations":[{"start":{"line":9,"column":30},"end":{"line":12,"column":7}}]}},"b":{"0":[2],"1":[6],"2":[18],"3":[5]},"fnMap":{"0":{"name":"findAreas","decl":{"start":{"line":3,"column":7},"end":{"line":17,"column":1}},"loc":{"start":{"line":3,"column":7},"end":{"line":17,"column":1}},"line":3}},"f":{"0":2}}
,"/Users/andreyselin/project/test-tasks/find-areas/src/getNeighbourRefs/getNeighbourRefs.js": {"path":"/Users/andreyselin/project/test-tasks/find-areas/src/getNeighbourRefs/getNeighbourRefs.js","all":false,"statementMap":{"0":{"start":{"line":1,"column":0},"end":{"line":1,"column":34}},"1":{"start":{"line":2,"column":0},"end":{"line":2,"column":18}},"2":{"start":{"line":3,"column":0},"end":{"line":3,"column":18}},"3":{"start":{"line":4,"column":0},"end":{"line":4,"column":17}},"4":{"start":{"line":5,"column":0},"end":{"line":5,"column":17}},"5":{"start":{"line":6,"column":0},"end":{"line":6,"column":2}},"6":{"start":{"line":7,"column":0},"end":{"line":7,"column":0}},"7":{"start":{"line":8,"column":0},"end":{"line":8,"column":52}},"8":{"start":{"line":9,"column":0},"end":{"line":9,"column":33}},"9":{"start":{"line":10,"column":0},"end":{"line":10,"column":34}},"10":{"start":{"line":11,"column":0},"end":{"line":11,"column":24}},"11":{"start":{"line":12,"column":0},"end":{"line":12,"column":36}},"12":{"start":{"line":13,"column":0},"end":{"line":13,"column":36}},"13":{"start":{"line":14,"column":0},"end":{"line":14,"column":8}},"14":{"start":{"line":15,"column":0},"end":{"line":15,"column":0}},"15":{"start":{"line":16,"column":0},"end":{"line":16,"column":14}},"16":{"start":{"line":17,"column":0},"end":{"line":17,"column":48}},"17":{"start":{"line":18,"column":0},"end":{"line":18,"column":22}},"18":{"start":{"line":19,"column":0},"end":{"line":19,"column":22}},"19":{"start":{"line":20,"column":0},"end":{"line":20,"column":7}},"20":{"start":{"line":21,"column":0},"end":{"line":21,"column":7}},"21":{"start":{"line":22,"column":0},"end":{"line":22,"column":1}}},"s":{"0":1,"1":1,"2":1,"3":1,"4":1,"5":1,"6":1,"7":1,"8":17,"9":17,"10":68,"11":68,"12":68,"13":68,"14":68,"15":68,"16":68,"17":68,"18":68,"19":68,"20":17,"21":17},"branchMap":{"0":{"type":"branch","line":8,"loc":{"start":{"line":8,"column":7},"end":{"line":22,"column":1}},"locations":[{"start":{"line":8,"column":7},"end":{"line":22,"column":1}}]},"1":{"type":"branch","line":10,"loc":{"start":{"line":10,"column":10},"end":{"line":21,"column":5}},"locations":[{"start":{"line":10,"column":10},"end":{"line":21,"column":5}}]},"2":{"type":"branch","line":17,"loc":{"start":{"line":17,"column":33},"end":{"line":17,"column":47}},"locations":[{"start":{"line":17,"column":33},"end":{"line":17,"column":47}}]}},"b":{"0":[17],"1":[68],"2":[58]},"fnMap":{"0":{"name":"getNeighbourRefs","decl":{"start":{"line":8,"column":7},"end":{"line":22,"column":1}},"loc":{"start":{"line":8,"column":7},"end":{"line":22,"column":1}},"line":8}},"f":{"0":17}}
,"/Users/andreyselin/project/test-tasks/find-areas/src/getNeighbourRefs/index.js": {"path":"/Users/andreyselin/project/test-tasks/find-areas/src/getNeighbourRefs/index.js","all":false,"statementMap":{"0":{"start":{"line":1,"column":0},"end":{"line":1,"column":38}}},"s":{"0":14},"branchMap":{"0":{"type":"branch","line":1,"loc":{"start":{"line":1,"column":0},"end":{"line":1,"column":38}},"locations":[{"start":{"line":1,"column":0},"end":{"line":1,"column":38}}]},"1":{"type":"branch","line":1,"loc":{"start":{"line":1,"column":0},"end":{"line":1,"column":38}},"locations":[{"start":{"line":1,"column":0},"end":{"line":1,"column":38}}]},"2":{"type":"branch","line":1,"loc":{"start":{"line":1,"column":0},"end":{"line":1,"column":38}},"locations":[{"start":{"line":1,"column":0},"end":{"line":1,"column":38}}]},"3":{"type":"branch","line":1,"loc":{"start":{"line":1,"column":0},"end":{"line":1,"column":38}},"locations":[{"start":{"line":1,"column":0},"end":{"line":1,"column":38}}]},"4":{"type":"branch","line":1,"loc":{"start":{"line":1,"column":0},"end":{"line":1,"column":38}},"locations":[{"start":{"line":1,"column":0},"end":{"line":1,"column":38}}]}},"b":{"0":[2],"1":[0],"2":[0],"3":[0],"4":[14]},"fnMap":{"0":{"name":"get","decl":{"start":{"line":1,"column":0},"end":{"line":1,"column":38}},"loc":{"start":{"line":1,"column":0},"end":{"line":1,"column":38}},"line":1}},"f":{"0":14}}
,"/Users/andreyselin/project/test-tasks/find-areas/src/markConnected/index.js": {"path":"/Users/andreyselin/project/test-tasks/find-areas/src/markConnected/index.js","all":false,"statementMap":{"0":{"start":{"line":1,"column":0},"end":{"line":1,"column":35}}},"s":{"0":5},"branchMap":{"0":{"type":"branch","line":1,"loc":{"start":{"line":1,"column":0},"end":{"line":1,"column":35}},"locations":[{"start":{"line":1,"column":0},"end":{"line":1,"column":35}}]},"1":{"type":"branch","line":1,"loc":{"start":{"line":1,"column":0},"end":{"line":1,"column":35}},"locations":[{"start":{"line":1,"column":0},"end":{"line":1,"column":35}}]},"2":{"type":"branch","line":1,"loc":{"start":{"line":1,"column":0},"end":{"line":1,"column":35}},"locations":[{"start":{"line":1,"column":0},"end":{"line":1,"column":35}}]},"3":{"type":"branch","line":1,"loc":{"start":{"line":1,"column":0},"end":{"line":1,"column":35}},"locations":[{"start":{"line":1,"column":0},"end":{"line":1,"column":35}}]},"4":{"type":"branch","line":1,"loc":{"start":{"line":1,"column":0},"end":{"line":1,"column":35}},"locations":[{"start":{"line":1,"column":0},"end":{"line":1,"column":35}}]}},"b":{"0":[1],"1":[0],"2":[0],"3":[0],"4":[5]},"fnMap":{"0":{"name":"get","decl":{"start":{"line":1,"column":0},"end":{"line":1,"column":35}},"loc":{"start":{"line":1,"column":0},"end":{"line":1,"column":35}},"line":1}},"f":{"0":5}}
,"/Users/andreyselin/project/test-tasks/find-areas/src/markConnected/markConnected.js": {"path":"/Users/andreyselin/project/test-tasks/find-areas/src/markConnected/markConnected.js","all":false,"statementMap":{"0":{"start":{"line":1,"column":0},"end":{"line":1,"column":64}},"1":{"start":{"line":2,"column":0},"end":{"line":2,"column":0}},"2":{"start":{"line":3,"column":0},"end":{"line":3,"column":59}},"3":{"start":{"line":4,"column":0},"end":{"line":4,"column":29}},"4":{"start":{"line":5,"column":0},"end":{"line":5,"column":28}},"5":{"start":{"line":6,"column":0},"end":{"line":6,"column":0}},"6":{"start":{"line":7,"column":0},"end":{"line":7,"column":61}},"7":{"start":{"line":8,"column":0},"end":{"line":8,"column":0}},"8":{"start":{"line":9,"column":0},"end":{"line":9,"column":36}},"9":{"start":{"line":10,"column":0},"end":{"line":10,"column":62}},"10":{"start":{"line":11,"column":0},"end":{"line":11,"column":7}},"11":{"start":{"line":12,"column":0},"end":{"line":12,"column":3}},"12":{"start":{"line":13,"column":0},"end":{"line":13,"column":0}},"13":{"start":{"line":14,"column":0},"end":{"line":14,"column":1}}},"s":{"0":1,"1":1,"2":1,"3":64,"4":14,"5":14,"6":14,"7":14,"8":14,"9":56,"10":14,"11":14,"12":64,"13":64},"branchMap":{"0":{"type":"branch","line":3,"loc":{"start":{"line":3,"column":7},"end":{"line":14,"column":1}},"locations":[{"start":{"line":3,"column":7},"end":{"line":14,"column":1}}]},"1":{"type":"branch","line":4,"loc":{"start":{"line":4,"column":15},"end":{"line":4,"column":20}},"locations":[{"start":{"line":4,"column":15},"end":{"line":4,"column":20}}]},"2":{"type":"branch","line":4,"loc":{"start":{"line":4,"column":28},"end":{"line":12,"column":3}},"locations":[{"start":{"line":4,"column":28},"end":{"line":12,"column":3}}]},"3":{"type":"branch","line":9,"loc":{"start":{"line":9,"column":27},"end":{"line":11,"column":5}},"locations":[{"start":{"line":9,"column":27},"end":{"line":11,"column":5}}]}},"b":{"0":[64],"1":[55],"2":[14],"3":[56]},"fnMap":{"0":{"name":"markConnected","decl":{"start":{"line":3,"column":7},"end":{"line":14,"column":1}},"loc":{"start":{"line":3,"column":7},"end":{"line":14,"column":1}},"line":3}},"f":{"0":64}}
,"/Users/andreyselin/project/test-tasks/find-areas/src/parseInputString/parseInputString.js": {"path":"/Users/andreyselin/project/test-tasks/find-areas/src/parseInputString/parseInputString.js","all":false,"statementMap":{"0":{"start":{"line":1,"column":0},"end":{"line":1,"column":47}},"1":{"start":{"line":2,"column":0},"end":{"line":2,"column":20}},"2":{"start":{"line":3,"column":0},"end":{"line":3,"column":15}},"3":{"start":{"line":4,"column":0},"end":{"line":4,"column":33}},"4":{"start":{"line":5,"column":0},"end":{"line":5,"column":17}},"5":{"start":{"line":6,"column":0},"end":{"line":6,"column":28}},"6":{"start":{"line":7,"column":0},"end":{"line":7,"column":6}},"7":{"start":{"line":8,"column":0},"end":{"line":8,"column":1}}},"s":{"0":1,"1":2,"2":2,"3":2,"4":3,"5":3,"6":2,"7":2},"branchMap":{"0":{"type":"branch","line":1,"loc":{"start":{"line":1,"column":7},"end":{"line":8,"column":1}},"locations":[{"start":{"line":1,"column":7},"end":{"line":8,"column":1}}]},"1":{"type":"branch","line":4,"loc":{"start":{"line":4,"column":10},"end":{"line":6,"column":28}},"locations":[{"start":{"line":4,"column":10},"end":{"line":6,"column":28}}]},"2":{"type":"branch","line":6,"loc":{"start":{"line":6,"column":11},"end":{"line":6,"column":27}},"locations":[{"start":{"line":6,"column":11},"end":{"line":6,"column":27}}]}},"b":{"0":[2],"1":[3],"2":[9]},"fnMap":{"0":{"name":"parseInputString","decl":{"start":{"line":1,"column":7},"end":{"line":8,"column":1}},"loc":{"start":{"line":1,"column":7},"end":{"line":8,"column":1}},"line":1}},"f":{"0":2}}
}
