TN:
SF:src/findAreas/findAreas.js
FN:3,findAreas
FNF:1
FNH:1
FNDA:2,findAreas
DA:1,1
DA:2,1
DA:3,1
DA:4,2
DA:5,2
DA:6,2
DA:7,2
DA:8,6
DA:9,18
DA:10,5
DA:11,5
DA:12,5
DA:13,18
DA:14,6
DA:15,2
DA:16,2
DA:17,2
LF:17
LH:17
BRDA:3,0,0,2
BRDA:7,1,0,6
BRDA:8,2,0,18
BRDA:9,3,0,5
BRF:4
BRH:4
end_of_record
TN:
SF:src/getNeighbourRefs/getNeighbourRefs.js
FN:8,getNeighbourRefs
FNF:1
FNH:1
FNDA:17,getNeighbourRefs
DA:1,1
DA:2,1
DA:3,1
DA:4,1
DA:5,1
DA:6,1
DA:7,1
DA:8,1
DA:9,17
DA:10,17
DA:11,68
DA:12,68
DA:13,68
DA:14,68
DA:15,68
DA:16,68
DA:17,68
DA:18,68
DA:19,68
DA:20,68
DA:21,17
DA:22,17
LF:22
LH:22
BRDA:8,0,0,17
BRDA:10,1,0,68
BRDA:17,2,0,58
BRF:3
BRH:3
end_of_record
TN:
SF:src/getNeighbourRefs/index.js
FN:1,get
FNF:1
FNH:1
FNDA:14,get
DA:1,14
LF:1
LH:1
BRDA:1,0,0,2
BRDA:1,1,0,0
BRDA:1,2,0,0
BRDA:1,3,0,0
BRDA:1,4,0,14
BRF:5
BRH:2
end_of_record
TN:
SF:src/markConnected/index.js
FN:1,get
FNF:1
FNH:1
FNDA:5,get
DA:1,5
LF:1
LH:1
BRDA:1,0,0,1
BRDA:1,1,0,0
BRDA:1,2,0,0
BRDA:1,3,0,0
BRDA:1,4,0,5
BRF:5
BRH:2
end_of_record
TN:
SF:src/markConnected/markConnected.js
FN:3,markConnected
FNF:1
FNH:1
FNDA:64,markConnected
DA:1,1
DA:2,1
DA:3,1
DA:4,64
DA:5,14
DA:6,14
DA:7,14
DA:8,14
DA:9,14
DA:10,56
DA:11,14
DA:12,14
DA:13,64
DA:14,64
LF:14
LH:14
BRDA:3,0,0,64
BRDA:4,1,0,55
BRDA:4,2,0,14
BRDA:9,3,0,56
BRF:4
BRH:4
end_of_record
TN:
SF:src/parseInputString/parseInputString.js
FN:1,parseInputString
FNF:1
FNH:1
FNDA:2,parseInputString
DA:1,1
DA:2,2
DA:3,2
DA:4,2
DA:5,3
DA:6,3
DA:7,2
DA:8,2
LF:8
LH:8
BRDA:1,0,0,2
BRDA:4,1,0,3
BRDA:6,2,0,9
BRF:3
BRH:3
end_of_record
